<?xml version="1.0" encoding="UTF-8"?>
<coverage generated="1715611824415" clover="3.2.0">
  <project timestamp="1715611824415" name="All files">
    <metrics statements="16" coveredstatements="15" conditionals="8" coveredconditionals="7" methods="6" coveredmethods="5" elements="30" coveredelements="27" complexity="0" loc="16" ncloc="16" packages="1" files="5" classes="5"/>
    <file name="http-module-mock.js" path="C:\Users\79254\Desktop\projects\HomeWorks\AJS\testing\src\js\http-module-mock.js">
      <metrics statements="1" coveredstatements="0" conditionals="0" coveredconditionals="0" methods="1" coveredmethods="0"/>
      <line num="2" count="0" type="stmt"/>
    </file>
    <file name="matchers.js" path="C:\Users\79254\Desktop\projects\HomeWorks\AJS\testing\src\js\matchers.js">
      <metrics statements="2" coveredstatements="2" conditionals="0" coveredconditionals="0" methods="2" coveredmethods="2"/>
      <line num="1" count="1" type="stmt"/>
      <line num="2" count="4" type="stmt"/>
    </file>
    <file name="mock.js" path="C:\Users\79254\Desktop\projects\HomeWorks\AJS\testing\src\js\mock.js">
      <metrics statements="2" coveredstatements="2" conditionals="0" coveredconditionals="0" methods="1" coveredmethods="1"/>
      <line num="3" count="2" type="stmt"/>
      <line num="4" count="2" type="stmt"/>
    </file>
    <file name="mocks.js" path="C:\Users\79254\Desktop\projects\HomeWorks\AJS\testing\src\js\mocks.js">
      <metrics statements="4" coveredstatements="4" conditionals="2" coveredconditionals="2" methods="1" coveredmethods="1"/>
      <line num="5" count="2" type="stmt"/>
      <line num="8" count="2" type="cond" truecount="2" falsecount="0"/>
      <line num="9" count="1" type="stmt"/>
      <line num="12" count="1" type="stmt"/>
    </file>
    <file name="pure-functions.js" path="C:\Users\79254\Desktop\projects\HomeWorks\AJS\testing\src\js\pure-functions.js">
      <metrics statements="7" coveredstatements="7" conditionals="6" coveredconditionals="5" methods="1" coveredmethods="1"/>
      <line num="1" count="1" type="stmt"/>
      <line num="2" count="4" type="cond" truecount="2" falsecount="0"/>
      <line num="3" count="1" type="stmt"/>
      <line num="4" count="3" type="cond" truecount="2" falsecount="0"/>
      <line num="5" count="2" type="stmt"/>
      <line num="6" count="1" type="cond" truecount="1" falsecount="1"/>
      <line num="7" count="1" type="stmt"/>
    </file>
  </project>
</coverage>
