{"C:\\Users\\79254\\Desktop\\projects\\HomeWorks\\AJS\\testing\\src\\js\\http-module-mock.js": {"path":"C:\\Users\\79254\\Desktop\\projects\\HomeWorks\\AJS\\testing\\src\\js\\http-module-mock.js","statementMap":{"0":{"start":{"line":2,"column":2},"end":{"line":2,"column":32}}},"fnMap":{"0":{"name":"fetchData","decl":{"start":{"line":1,"column":24},"end":{"line":1,"column":33}},"loc":{"start":{"line":1,"column":39},"end":{"line":3,"column":1}},"line":1}},"branchMap":{},"s":{"0":0},"f":{"0":0},"b":{},"_coverageSchema":"1a1c01bbd47fc00a2c39e90264f33305004495a9","hash":"aa1c22ce188daf376e2fa0ebfd2bc8d55674613e"}
,"C:\\Users\\79254\\Desktop\\projects\\HomeWorks\\AJS\\testing\\src\\js\\matchers.js": {"path":"C:\\Users\\79254\\Desktop\\projects\\HomeWorks\\AJS\\testing\\src\\js\\matchers.js","statementMap":{"0":{"start":{"line":1,"column":30},"end":{"line":3,"column":1}},"1":{"start":{"line":2,"column":1},"end":{"line":2,"column":50}},"2":{"start":{"line":2,"column":29},"end":{"line":2,"column":48}}},"fnMap":{"0":{"name":"(anonymous_0)","decl":{"start":{"line":1,"column":30},"end":{"line":1,"column":31}},"loc":{"start":{"line":1,"column":41},"end":{"line":3,"column":1}},"line":1},"1":{"name":"(anonymous_1)","decl":{"start":{"line":2,"column":19},"end":{"line":2,"column":20}},"loc":{"start":{"line":2,"column":29},"end":{"line":2,"column":48}},"line":2}},"branchMap":{},"s":{"0":1,"1":1,"2":4},"f":{"0":1,"1":4},"b":{},"_coverageSchema":"1a1c01bbd47fc00a2c39e90264f33305004495a9","hash":"beb5859b378fbff93f4116cb52777deaffc2f351"}
,"C:\\Users\\79254\\Desktop\\projects\\HomeWorks\\AJS\\testing\\src\\js\\mock.js": {"path":"C:\\Users\\79254\\Desktop\\projects\\HomeWorks\\AJS\\testing\\src\\js\\mock.js","statementMap":{"0":{"start":{"line":3,"column":2},"end":{"line":3,"column":23}},"1":{"start":{"line":4,"column":2},"end":{"line":4,"column":21}}},"fnMap":{"0":{"name":"(anonymous_0)","decl":{"start":{"line":2,"column":1},"end":{"line":2,"column":2}},"loc":{"start":{"line":2,"column":28},"end":{"line":5,"column":2}},"line":2}},"branchMap":{},"s":{"0":2,"1":2},"f":{"0":2},"b":{},"_coverageSchema":"1a1c01bbd47fc00a2c39e90264f33305004495a9","hash":"d477fdfb15778a454480fbd6be9a552f609cea5e"}
,"C:\\Users\\79254\\Desktop\\projects\\HomeWorks\\AJS\\testing\\src\\js\\mocks.js": {"path":"C:\\Users\\79254\\Desktop\\projects\\HomeWorks\\AJS\\testing\\src\\js\\mocks.js","statementMap":{"0":{"start":{"line":5,"column":19},"end":{"line":5,"column":61}},"1":{"start":{"line":8,"column":2},"end":{"line":10,"column":3}},"2":{"start":{"line":9,"column":5},"end":{"line":9,"column":53}},"3":{"start":{"line":12,"column":2},"end":{"line":12,"column":52}}},"fnMap":{"0":{"name":"getLevel","decl":{"start":{"line":4,"column":24},"end":{"line":4,"column":32}},"loc":{"start":{"line":4,"column":41},"end":{"line":13,"column":1}},"line":4}},"branchMap":{"0":{"loc":{"start":{"line":8,"column":2},"end":{"line":10,"column":3}},"type":"if","locations":[{"start":{"line":8,"column":2},"end":{"line":10,"column":3}},{"start":{},"end":{}}],"line":8}},"s":{"0":2,"1":2,"2":1,"3":1},"f":{"0":2},"b":{"0":[1,1]},"_coverageSchema":"1a1c01bbd47fc00a2c39e90264f33305004495a9","hash":"6d4d9074a700a673204288d6c4c3275707cc1686"}
,"C:\\Users\\79254\\Desktop\\projects\\HomeWorks\\AJS\\testing\\src\\js\\pure-functions.js": {"path":"C:\\Users\\79254\\Desktop\\projects\\HomeWorks\\AJS\\testing\\src\\js\\pure-functions.js","statementMap":{"0":{"start":{"line":1,"column":32},"end":{"line":9,"column":1}},"1":{"start":{"line":2,"column":1},"end":{"line":8,"column":2}},"2":{"start":{"line":3,"column":2},"end":{"line":3,"column":19}},"3":{"start":{"line":4,"column":8},"end":{"line":8,"column":2}},"4":{"start":{"line":5,"column":2},"end":{"line":5,"column":19}},"5":{"start":{"line":6,"column":8},"end":{"line":8,"column":2}},"6":{"start":{"line":7,"column":2},"end":{"line":7,"column":20}}},"fnMap":{"0":{"name":"(anonymous_0)","decl":{"start":{"line":1,"column":32},"end":{"line":1,"column":33}},"loc":{"start":{"line":1,"column":42},"end":{"line":9,"column":1}},"line":1}},"branchMap":{"0":{"loc":{"start":{"line":2,"column":1},"end":{"line":8,"column":2}},"type":"if","locations":[{"start":{"line":2,"column":1},"end":{"line":8,"column":2}},{"start":{"line":4,"column":8},"end":{"line":8,"column":2}}],"line":2},"1":{"loc":{"start":{"line":4,"column":8},"end":{"line":8,"column":2}},"type":"if","locations":[{"start":{"line":4,"column":8},"end":{"line":8,"column":2}},{"start":{"line":6,"column":8},"end":{"line":8,"column":2}}],"line":4},"2":{"loc":{"start":{"line":6,"column":8},"end":{"line":8,"column":2}},"type":"if","locations":[{"start":{"line":6,"column":8},"end":{"line":8,"column":2}},{"start":{},"end":{}}],"line":6}},"s":{"0":1,"1":4,"2":1,"3":3,"4":2,"5":1,"6":1},"f":{"0":4},"b":{"0":[1,3],"1":[2,1],"2":[1,0]},"_coverageSchema":"1a1c01bbd47fc00a2c39e90264f33305004495a9","hash":"b0b2cc7a1cb9d0e906f368fa13fc347125c77d88"}
}
