{"C:\\Users\\79254\\Desktop\\projects\\HomeWorks\\AJS\\testing1\\src\\js\\pure-functions.js": {"path":"C:\\Users\\79254\\Desktop\\projects\\HomeWorks\\AJS\\testing1\\src\\js\\pure-functions.js","statementMap":{"0":{"start":{"line":1,"column":32},"end":{"line":9,"column":1}},"1":{"start":{"line":2,"column":1},"end":{"line":8,"column":2}},"2":{"start":{"line":3,"column":2},"end":{"line":3,"column":19}},"3":{"start":{"line":4,"column":8},"end":{"line":8,"column":2}},"4":{"start":{"line":5,"column":2},"end":{"line":5,"column":19}},"5":{"start":{"line":6,"column":8},"end":{"line":8,"column":2}},"6":{"start":{"line":7,"column":2},"end":{"line":7,"column":20}}},"fnMap":{"0":{"name":"(anonymous_0)","decl":{"start":{"line":1,"column":32},"end":{"line":1,"column":33}},"loc":{"start":{"line":1,"column":42},"end":{"line":9,"column":1}},"line":1}},"branchMap":{"0":{"loc":{"start":{"line":2,"column":1},"end":{"line":8,"column":2}},"type":"if","locations":[{"start":{"line":2,"column":1},"end":{"line":8,"column":2}},{"start":{"line":4,"column":8},"end":{"line":8,"column":2}}],"line":2},"1":{"loc":{"start":{"line":4,"column":8},"end":{"line":8,"column":2}},"type":"if","locations":[{"start":{"line":4,"column":8},"end":{"line":8,"column":2}},{"start":{"line":6,"column":8},"end":{"line":8,"column":2}}],"line":4},"2":{"loc":{"start":{"line":6,"column":8},"end":{"line":8,"column":2}},"type":"if","locations":[{"start":{"line":6,"column":8},"end":{"line":8,"column":2}},{"start":{},"end":{}}],"line":6}},"s":{"0":1,"1":4,"2":1,"3":3,"4":2,"5":1,"6":1},"f":{"0":4},"b":{"0":[1,3],"1":[2,1],"2":[1,0]},"_coverageSchema":"1a1c01bbd47fc00a2c39e90264f33305004495a9","hash":"3f09d20426e7ce7b4f3327ac4754445ea6d2e99f"}
}
