TN:
SF:src\js\http-module-mock.js
FN:1,fetchData
FNF:1
FNH:0
FNDA:0,fetchData
DA:2,0
LF:1
LH:0
BRF:0
BRH:0
end_of_record
TN:
SF:src\js\matchers.js
FN:1,(anonymous_0)
FN:2,(anonymous_1)
FNF:2
FNH:2
FNDA:1,(anonymous_0)
FNDA:4,(anonymous_1)
DA:1,1
DA:2,4
LF:2
LH:2
BRF:0
BRH:0
end_of_record
TN:
SF:src\js\mock.js
FN:2,(anonymous_0)
FNF:1
FNH:1
FNDA:2,(anonymous_0)
DA:3,2
DA:4,2
LF:2
LH:2
BRF:0
BRH:0
end_of_record
TN:
SF:src\js\mocks.js
FN:4,getLevel
FNF:1
FNH:1
FNDA:2,getLevel
DA:5,2
DA:8,2
DA:9,1
DA:12,1
LF:4
LH:4
BRDA:8,0,0,1
BRDA:8,0,1,1
BRF:2
BRH:2
end_of_record
TN:
SF:src\js\pure-functions.js
FN:1,(anonymous_0)
FNF:1
FNH:1
FNDA:4,(anonymous_0)
DA:1,1
DA:2,4
DA:3,1
DA:4,3
DA:5,2
DA:6,1
DA:7,1
LF:7
LH:7
BRDA:2,0,0,1
BRDA:2,0,1,3
BRDA:4,1,0,2
BRDA:4,1,1,1
BRDA:6,2,0,1
BRDA:6,2,1,0
BRF:6
BRH:5
end_of_record
